<?xml version="1.0" encoding="UTF-8"?>
<testsuite name="specs.RegFinStatementSpec" tests="1" skipped="0" failures="1" errors="0" timestamp="2020-03-10T19:46:06" hostname="DESKTOP-J9EG3SU" time="21.9">
  <properties/>
  <testcase name="Open First page" classname="specs.RegFinStatementSpec" time="21.9">
    <failure message="Condition not satisfied:&#10;&#10;login('johnstaf','Automation2TheWin')&#10;|&#10;null&#10;" type="org.spockframework.runtime.ConditionNotSatisfiedError">Condition not satisfied:

login('johnstaf','Automation2TheWin')
|
null

	at specs.RegFinStatementSpec.Open First page(RegFinStatementSpec.groovy:11)
</failure>
  </testcase>
  <system-out><![CDATA[BaseURL: <<set your BaseURL>>
--------------------------
]]></system-out>
  <system-err><![CDATA[[Test worker] INFO com.athaydes.spockframework.report.SpockReportExtension - Got configuration from Spock: com.athaydes.spockframework.report.internal.SpockReportsConfiguration([:])
[Test worker] INFO com.athaydes.spockframework.report.internal.ConfigLoader - SpockReports config loaded: {com.athaydes.spockframework.report.projectVersion=Unknown, com.athaydes.spockframework.report.aggregatedJsonReportDir=, com.athaydes.spockframework.report.template.TemplateReportCreator.enabled=true, com.athaydes.spockframework.report.internal.HtmlReportCreator.printThrowableStackTrace=false, com.athaydes.spockframework.report.template.TemplateReportCreator.specTemplateFile=/templateReportCreator/spec-template.md, com.athaydes.spockframework.report.template.TemplateReportCreator.reportFileExtension=md, com.athaydes.spockframework.report.hideEmptyBlocks=false, com.athaydes.spockframework.report.template.TemplateReportCreator.summaryTemplateFile=/templateReportCreator/summary-template.md, com.athaydes.spockframework.report.template.TemplateReportCreator.summaryFileName=summary.md, com.athaydes.spockframework.report.internal.HtmlReportCreator.enabled=true, com.athaydes.spockframework.report.outputDir=build/reports/spock, com.athaydes.spockframework.report.projectName=<<Change Name>>, com.athaydes.spockframework.report.showCodeBlocks=false, com.athaydes.spockframework.report.internal.HtmlReportCreator.specSummaryNameOption=class_name_and_title, com.athaydes.spockframework.report.internal.HtmlReportCreator.inlineCss=false, com.athaydes.spockframework.report.internal.HtmlReportCreator.featureReportCss=spock-feature-report.css, com.athaydes.spockframework.report.testSourceRoots=src/test/groovy, com.athaydes.spockframework.report.internal.HtmlReportCreator.summaryReportCss=spock-summary-report.css, com.athaydes.spockframework.report.internal.HtmlReportCreator.excludeToc=false, com.athaydes.spockframework.report.IReportCreator=com.athaydes.spockframework.report.internal.HtmlReportCreator}
Starting ChromeDriver 80.0.3987.106 (f68069574609230cf9b635cd784cfb1bf81bb53a-refs/branch-heads/3987@{#882}) on port 29781
Only local connections are allowed.
Please protect ports used by ChromeDriver and related test frameworks to prevent access by malicious code.
[1583869571.489][WARNING]: Timed out connecting to Chrome, retrying...
Mar 10, 2020 12:46:13 PM org.openqa.selenium.remote.ProtocolHandshake createSession
INFO: Detected dialect: W3C
[1583869577.345][SEVERE]: Timed out receiving message from renderer: 0.100
[1583869577.449][SEVERE]: Timed out receiving message from renderer: 0.100
[1583869577.551][SEVERE]: Timed out receiving message from renderer: 0.100
[1583869577.656][SEVERE]: Timed out receiving message from renderer: 0.100
[1583869577.769][SEVERE]: Timed out receiving message from renderer: 0.100
[1583869577.872][SEVERE]: Timed out receiving message from renderer: 0.100
[1583869577.974][SEVERE]: Timed out receiving message from renderer: 0.100
[1583869582.490][SEVERE]: Timed out receiving message from renderer: 0.100
[1583869582.614][SEVERE]: Timed out receiving message from renderer: 0.100
[1583869582.725][SEVERE]: Timed out receiving message from renderer: 0.100
[1583869584.882][SEVERE]: Timed out receiving message from renderer: 0.100
]]></system-err>
</testsuite>
